2017/05/01 16:48:09 rclone: Version "v1.35-DEV" starting with parameters ["rclone" "copy" "-vv" "--include-from" "filesToSave.txt" "--exclude-from" "filesToExclude.txt" "/pub/jtatar" "gDrive:hpc_backup" "--dump-filters" "--log-file" "/pub/jtatar/Work/CloudBackup/hpc_cloud_backup.log" "--transfers=32" "--checkers=16" "--drive-chunk-size=16384k" "--drive-upload-cutoff=16384k" "--drive-use-trash"]
2017/05/01 16:48:09 Google drive root 'hpc_backup': Modify window is 1ms
2017/05/01 16:48:09 Google drive root 'hpc_backup': Reading ""
2017/05/01 16:48:10 Google drive root 'hpc_backup': Finished reading ""
2017/05/01 16:48:10 SigSpace256Samps2014AmpModel.root: Excluded from sync (and deletion)
2017/05/01 16:48:10 2014SignalSpace.root: Excluded from sync (and deletion)
2017/05/01 16:48:10 2015_128SamplesSignalSpace.gif: Excluded from sync (and deletion)
2017/05/01 16:48:10 2014AmpWith256SigSpace.gif: Excluded from sync (and deletion)
2017/05/01 16:48:10 2014NoiseStudies.root: Excluded from sync (and deletion)
2017/05/01 16:48:10 128SampTemplates.root: Excluded from sync (and deletion)
2017/05/01 16:48:10 oldSigTempAnalysisFriendly.root: Excluded from sync (and deletion)
2017/05/01 16:48:10 oldSigTempSubsetAnalysisFriendly.root: Excluded from sync (and deletion)
2017/05/01 16:48:10 angRecoCC_debug.root: Excluded from sync (and deletion)
2017/05/01 16:48:10 plots_C.so: Excluded from sync (and deletion)
2017/05/01 16:48:10 128SampNoiseTree.root: Excluded from sync (and deletion)
2017/05/01 16:48:10 debug2.root: Excluded from sync (and deletion)
2017/05/01 16:48:10 nt.sigSpace2015Short.root: Excluded from sync (and deletion)
2017/05/01 16:48:10 plots.C: Excluded from sync (and deletion)
2017/05/01 16:48:10 2014SigAutoCC.gif: Excluded from sync (and deletion)
2017/05/01 16:48:10 2015_128SamplesAutoCC.gif: Excluded from sync (and deletion)
2017/05/01 16:48:10 80mV.gif: Excluded from sync (and deletion)
2017/05/01 16:48:10 Latest2015SignalSpace.gif: Excluded from sync (and deletion)
2017/05/01 16:48:10 truncSig.root: Excluded from sync (and deletion)
2017/05/01 16:48:10 2015Amp128SampSignal.root: Excluded from sync (and deletion)
2017/05/01 16:48:10 debug.root: Excluded from sync (and deletion)
2017/05/01 16:48:10 NoiseStudies.root: Excluded from sync (and deletion)
2017/05/01 16:48:10 ccVang128.gif: Excluded from sync (and deletion)
2017/05/01 16:48:10 mccExcludedFiles.log: Excluded from sync (and deletion)
2017/05/01 16:48:10 allreco.root: Excluded from sync (and deletion)
2017/05/01 16:48:10 all.root: Excluded from sync (and deletion)
2017/05/01 16:48:10 plots_C.d: Excluded from sync (and deletion)
2017/05/01 16:48:10 CompleteSignalSpace2015.root: Excluded from sync (and deletion)
2017/05/01 16:48:10 all.2014AmpModel128Samples.root: Excluded from sync (and deletion)
2017/05/01 16:48:10 reproduce2014Signal.root: Excluded from sync (and deletion)
2017/05/01 16:48:10 2015SigalSpace.root: Excluded from sync (and deletion)
2017/05/01 16:48:10 all.2014AmpModel256Samples.root: Excluded from sync (and deletion)
2017/05/01 16:48:10 autoCCcut.gif: Excluded from sync (and deletion)
2017/05/01 16:48:10 ch0ch1direct.gif: Excluded from sync (and deletion)
2017/05/01 16:48:10 AutoCCNoNoise.gif: Excluded from sync (and deletion)
2017/05/01 16:48:10 angreco.root: Excluded from sync (and deletion)
2017/05/01 16:48:10 ch1ch2direct.gif: Excluded from sync (and deletion)
2017/05/01 16:48:10 AutoCCRealistic.gif: Excluded from sync (and deletion)
2017/05/01 16:48:10 IR_lstm_keras.ipynb: Excluded from sync (and deletion)
2017/05/01 16:48:10 allconereco.root: Excluded from sync (and deletion)
2017/05/01 16:48:10 2014AutoCCForNoise.gif: Excluded from sync (and deletion)
2017/05/01 16:48:10 allfixedamp.root: Excluded from sync (and deletion)
2017/05/01 16:48:10 volt_lpa_prenoise_ch0.gif: Excluded from sync (and deletion)
2017/05/01 16:48:10 volt_lpa_prenoise_ch1.gif: Excluded from sync (and deletion)
2017/05/01 16:48:10 volt_lpa_prenoise_ch2.gif: Excluded from sync (and deletion)
2017/05/01 16:48:10 volt_lpa_prenoise_ch3.gif: Excluded from sync (and deletion)
2017/05/01 16:48:10 volt_lpa_mirror_prenoise_ch0.gif: Excluded from sync (and deletion)
2017/05/01 16:48:10 volt_lpa_mirror_prenoise_ch1.gif: Excluded from sync (and deletion)
2017/05/01 16:48:10 volt_lpa_mirror_prenoise_ch2.gif: Excluded from sync (and deletion)
2017/05/01 16:48:10 volt_lpa_mirror_prenoise_ch3.gif: Excluded from sync (and deletion)
2017/05/01 16:48:10 ch2ch3direct.gif: Excluded from sync (and deletion)
2017/05/01 16:48:10 ch0ch3direct.gif: Excluded from sync (and deletion)
2017/05/01 16:48:10 ch0ch1mirror.gif: Excluded from sync (and deletion)
2017/05/01 16:48:10 ch1ch2mirror.gif: Excluded from sync (and deletion)
2017/05/01 16:48:10 ch2ch3mirror.gif: Excluded from sync (and deletion)
2017/05/01 16:48:10 ch0ch3mirror.gif: Excluded from sync (and deletion)
2017/05/01 16:48:10 simSignalnt.TestrelStnVolt.ThetaPhi.root: Excluded from sync (and deletion)
2017/05/01 16:48:10 simSignalnt.TestAll.ThetaPhi.root: Excluded from sync (and deletion)
2017/05/01 16:48:10 all_withangsmear.root: Excluded from sync (and deletion)
2017/05/01 16:48:10 Work/HPCtoEC2/singularity/rootstrap.def: Failed to copy: failed to open source object: open /pub/jtatar/Work/HPCtoEC2/singularity/rootstrap.def: permission denied
2017/05/01 16:48:12 Work/CloudBackup/simpleBackup.sh: Copied (new)
2017/05/01 16:48:13 Work/HPCtoEC2/singularity/bootstrap.def: Copied (new)
2017/05/01 16:48:14 Work/SelectiveBackup/backupDuration.npy: Copied (new)
2017/05/01 16:48:15 Work/Teaching/minimal_serial_job.sh: Copied (new)
2017/05/01 16:48:15 Work/CloudBackup/.git/COMMIT_EDITMSG: Copied (new)
2017/05/01 16:48:15 pacer: Rate limited, sleeping for 1.693774911s (1 consecutive low level retries)
2017/05/01 16:48:15 pacer: low level retry 1/1 (error googleapi: Error 403: User Rate Limit Exceeded, userRateLimitExceeded)
2017/05/01 16:48:15 Work/CloudBackup/cloudbackup.sh: Received error: googleapi: Error 403: User Rate Limit Exceeded, userRateLimitExceeded - low level retry 1/10
2017/05/01 16:48:16 pacer: Rate limited, sleeping for 2.183515637s (2 consecutive low level retries)
2017/05/01 16:48:16 pacer: low level retry 1/1 (error googleapi: Error 403: User Rate Limit Exceeded, userRateLimitExceeded)
2017/05/01 16:48:16 Work/CloudBackup/test.sh: Received error: googleapi: Error 403: User Rate Limit Exceeded, userRateLimitExceeded - low level retry 1/10
2017/05/01 16:48:16 pacer: Resetting sleep to minimum 10ms on success
2017/05/01 16:48:16 Work/CloudBackup/filesToSave.txt: Copied (new)
2017/05/01 16:48:16 Work/CloudBackup/.simpleBackup.sh.swp: Copied (new)
2017/05/01 16:48:17 Work/HPCtoEC2/singularity/images/containharry.img: Sending chunk 0 length 16777216
2017/05/01 16:48:18 Work/HPCtoEC2/singularity/images/containharry.img: Sending chunk 16777216 length 16777216
2017/05/01 16:48:18 Work/HPCtoEC2/singularity/images/containharry.img: Sending chunk 33554432 length 16777216
2017/05/01 16:48:18 Work/CloudBackup/hpc_cloud_backup.log: corrupted on transfer: sizes differ 4664 vs 6659
2017/05/01 16:48:18 Work/CloudBackup/hpc_cloud_backup.log: Removing failed copy
2017/05/01 16:48:19 Work/HPCtoEC2/singularity/images/containharry.img: Sending chunk 50331648 length 16777216
2017/05/01 16:48:19 Work/CloudBackup/.git/logs/HEAD: Copied (new)
2017/05/01 16:48:19 Work/HPCtoEC2/singularity/images/containharry.img: Sending chunk 67108864 length 16777216
2017/05/01 16:48:19 Work/HPCtoEC2/cfncluster/mooseKey.pem: Copied (new)
2017/05/01 16:48:19 Work/HPCtoEC2/singularity/images/containharry.img: Sending chunk 83886080 length 16777216
2017/05/01 16:48:20 Work/SelectiveBackup/addNumFiles.py: Copied (new)
2017/05/01 16:48:20 Work/HPCtoEC2/singularity/images/containharry.img: Sending chunk 100663296 length 16777216
2017/05/01 16:48:20 Work/SelectiveBackup/transDuration.py: Copied (new)
2017/05/01 16:48:20 Work/SelectiveBackup/transferSize.npy: Copied (new)
2017/05/01 16:48:20 Work/SelectiveBackup/duration.txt: Copied (new)
2017/05/01 16:48:20 Work/HPCtoEC2/singularity/images/containharry.img: Sending chunk 117440512 length 16777216
2017/05/01 16:48:20 Work/SelectiveBackup/test.png: Copied (new)
2017/05/01 16:48:21 Work/HPCtoEC2/singularity/images/containharry.img: Sending chunk 134217728 length 16777216
2017/05/01 16:48:21 Work/NewAccountCreation/glue.py: Copied (new)
2017/05/01 16:48:21 Work/HPCtoEC2/singularity/images/containharry.img: Sending chunk 150994944 length 16777216
2017/05/01 16:48:21 Work/CloudBackup/.git/description: Copied (new)
2017/05/01 16:48:21 Work/HPCtoEC2/singularity/images/containharry.img: Sending chunk 167772160 length 16777216
2017/05/01 16:48:21 Work/SelectiveBackup/totNumFiles.npy: Copied (new)
2017/05/01 16:48:22 Work/CloudBackup/README.md: Copied (new)
2017/05/01 16:48:22 Work/HPCtoEC2/singularity/images/containharry.img: Sending chunk 184549376 length 16777216
2017/05/01 16:48:22 Work/HPCtoEC2/singularity/images/containharry.img: Sending chunk 201326592 length 16777216
2017/05/01 16:48:23 Work/HPCtoEC2/singularity/images/containharry.img: Sending chunk 218103808 length 16777216
2017/05/01 16:48:23 Work/HPCtoEC2/singularity/images/containharry.img: Sending chunk 234881024 length 16777216
2017/05/01 16:48:23 Work/CloudBackup/.git/refs/remotes/origin/master: Copied (new)
2017/05/01 16:48:23 Work/HPCtoEC2/singularity/images/containharry.img: Sending chunk 251658240 length 16777216
2017/05/01 16:48:24 Work/CloudBackup/.git/HEAD: Copied (new)
2017/05/01 16:48:24 Work/CloudBackup/.git/config: Copied (new)
2017/05/01 16:48:24 Work/HPCtoEC2/singularity/images/containharry.img: Sending chunk 268435456 length 16777216
2017/05/01 16:48:24 Work/CloudBackup/.git/ORIG_HEAD: Copied (new)
2017/05/01 16:48:24 Work/CloudBackup/.git/index: Copied (new)
2017/05/01 16:48:24 Work/CloudBackup/.git/FETCH_HEAD: Copied (new)
2017/05/01 16:48:24 pacer: Rate limited, sleeping for 1.821866378s (1 consecutive low level retries)
2017/05/01 16:48:24 pacer: low level retry 1/10 (error googleapi: Error 403: User Rate Limit Exceeded, userRateLimitExceeded)
2017/05/01 16:48:24 pacer: Rate limited, sleeping for 2.342231109s (2 consecutive low level retries)
2017/05/01 16:48:24 pacer: low level retry 1/10 (error googleapi: Error 403: User Rate Limit Exceeded, userRateLimitExceeded)
2017/05/01 16:48:24 pacer: Rate limited, sleeping for 4.797652072s (3 consecutive low level retries)
2017/05/01 16:48:24 pacer: low level retry 1/10 (error googleapi: Error 403: User Rate Limit Exceeded, userRateLimitExceeded)
2017/05/01 16:48:24 pacer: Rate limited, sleeping for 8.19383165s (4 consecutive low level retries)
2017/05/01 16:48:24 pacer: low level retry 1/10 (error googleapi: Error 403: User Rate Limit Exceeded, userRateLimitExceeded)
2017/05/01 16:48:24 pacer: Resetting sleep to minimum 10ms on success
2017/05/01 16:48:25 Work/CloudBackup/.git/hooks/post-receive.sample: Copied (new)
2017/05/01 16:48:25 Work/HPCtoEC2/singularity/centos.def: Copied (new)
2017/05/01 16:48:25 Work/SelectiveBackup/data.txt: Copied (new)
2017/05/01 16:48:25 Google drive root 'hpc_backup': Waiting for checks to finish
2017/05/01 16:48:25 Google drive root 'hpc_backup': Waiting for transfers to finish
2017/05/01 16:48:25 Work/SelectiveBackup/addTransfers.py: Copied (new)
2017/05/01 16:48:26 Work/HPCtoEC2/singularity/images/containharry.img: Sending chunk 285212672 length 16777216
2017/05/01 16:48:27 Work/HPCtoEC2/singularity/images/containharry.img: Sending chunk 301989888 length 16777216
2017/05/01 16:48:27 Work/HPCtoEC2/singularity/images/containharry.img: Sending chunk 318767104 length 16777216
2017/05/01 16:48:27 Work/CloudBackup/.git/info/exclude: Copied (new)
2017/05/01 16:48:28 Work/HPCtoEC2/singularity/images/containharry.img: Sending chunk 335544320 length 16777216
2017/05/01 16:48:28 Work/CloudBackup/glue.py: Copied (new)
2017/05/01 16:48:28 Work/CloudBackup/.gitignore: Copied (new)
2017/05/01 16:48:28 Work/HPCtoEC2/singularity/images/containharry.img: Sending chunk 352321536 length 16777216
2017/05/01 16:48:29 Work/HPCtoEC2/singularity/images/containharry.img: Sending chunk 369098752 length 16777216
2017/05/01 16:48:29 Work/CloudBackup/.git/refs/heads/master: Copied (new)
2017/05/01 16:48:29 Work/HPCtoEC2/singularity/images/containharry.img: Sending chunk 385875968 length 16777216
2017/05/01 16:48:29 Work/HPCtoEC2/singularity/images/containharry.img: Sending chunk 402653184 length 16777216
2017/05/01 16:48:30 Work/HPCtoEC2/singularity/images/containharry.img: Sending chunk 419430400 length 16777216
2017/05/01 16:48:30 Work/CloudBackup/.git/objects/da/f7b64f2f44d69a966fd05ead686db06b337c64: Copied (new)
2017/05/01 16:48:30 Work/HPCtoEC2/singularity/images/containharry.img: Sending chunk 436207616 length 16777216
2017/05/01 16:48:31 Work/CloudBackup/.git/objects/30/898339708c9d2bc202b3e5f00ccff784385dab: Copied (new)
2017/05/01 16:48:31 Work/HPCtoEC2/singularity/images/containharry.img: Sending chunk 452984832 length 16777216
2017/05/01 16:48:31 Work/HPCtoEC2/singularity/images/containharry.img: Sending chunk 469762048 length 16777216
2017/05/01 16:48:31 Work/CloudBackup/.git/objects/f8/004f41cd56ff2ba61c4d2aad5bde340655e0da: Copied (new)
2017/05/01 16:48:32 Work/HPCtoEC2/singularity/images/containharry.img: Sending chunk 486539264 length 16777216
2017/05/01 16:48:32 pacer: Rate limited, sleeping for 1.429961588s (1 consecutive low level retries)
2017/05/01 16:48:32 pacer: low level retry 1/10 (error googleapi: Error 403: User Rate Limit Exceeded, userRateLimitExceeded)
2017/05/01 16:48:32 pacer: Rate limited, sleeping for 2.888298971s (2 consecutive low level retries)
2017/05/01 16:48:32 pacer: low level retry 2/10 (error googleapi: Error 403: User Rate Limit Exceeded, userRateLimitExceeded)
2017/05/01 16:48:32 pacer: Resetting sleep to minimum 10ms on success
2017/05/01 16:48:32 Work/CloudBackup/.git/hooks/prepare-commit-msg.sample: Copied (new)
2017/05/01 16:48:32 Work/CloudBackup/.git/objects/44/5dadcbddccb56a827576f334e7cb29ba1dbada: Copied (new)
2017/05/01 16:48:33 Work/CloudBackup/.git/hooks/post-update.sample: Copied (new)
2017/05/01 16:48:33 Work/SelectiveBackup/plot.py: Copied (new)
2017/05/01 16:48:33 Work/CloudBackup/.git/hooks/pre-rebase.sample: Copied (new)
2017/05/01 16:48:33 Work/CloudBackup/.git/hooks/commit-msg.sample: Copied (new)
2017/05/01 16:48:33 Work/CloudBackup/test.sh: Copied (new)
2017/05/01 16:48:33 Work/CloudBackup/.git/hooks/applypatch-msg.sample: Copied (new)
2017/05/01 16:48:33 Work/HPCtoEC2/singularity/images/containharry.img: Sending chunk 503316480 length 16777216
2017/05/01 16:48:33 Work/CloudBackup/.git/hooks/post-commit.sample: Copied (new)
2017/05/01 16:48:34 Work/HPCtoEC2/singularity/images/containharry.img: Sending chunk 520093696 length 16777216
2017/05/01 16:48:34 Work/HPCtoEC2/singularity/images/containharry.img: Sending chunk 536870912 length 16777216
2017/05/01 16:48:35 Work/CloudBackup/.git/objects/3a/63a3908d6a755f641ddf3c1d795a362c5c26d7: Copied (new)
2017/05/01 16:48:35 Work/HPCtoEC2/singularity/images/containharry.img: Sending chunk 553648128 length 16777216
2017/05/01 16:48:35 Work/HPCtoEC2/singularity/images/containharry.img: Sending chunk 570425344 length 16777216
2017/05/01 16:48:35 Work/CloudBackup/.git/objects/b1/65cb453648032a07d9edf69d783378425ff99b: Copied (new)
2017/05/01 16:48:35 Work/CloudBackup/.git/hooks/pre-applypatch.sample: Copied (new)
2017/05/01 16:48:35 Work/HPCtoEC2/singularity/images/containharry.img: Sending chunk 587202560 length 16777216
2017/05/01 16:48:36 Work/Teaching/out: Copied (new)
2017/05/01 16:48:36 Work/CloudBackup/.git/hooks/update.sample: Copied (new)
2017/05/01 16:48:36 Work/HPCtoEC2/singularity/images/containharry.img: Sending chunk 603979776 length 16777216
2017/05/01 16:48:36 Work/CloudBackup/.git/hooks/pre-commit.sample: Copied (new)
2017/05/01 16:48:36 Work/HPCtoEC2/singularity/images/containharry.img: Sending chunk 620756992 length 16777216
2017/05/01 16:48:37 Work/CloudBackup/.git/objects/f7/b9faad992a986f7054df7b6c4cc16e8764baba: Copied (new)
2017/05/01 16:48:37 Work/HPCtoEC2/singularity/images/containharry.img: Sending chunk 637534208 length 16777216
2017/05/01 16:48:37 Work/HPCtoEC2/singularity/images/containharry.img: Sending chunk 654311424 length 16777216
2017/05/01 16:48:37 Work/CloudBackup/.git/objects/01/3554fd32a08f62e9057eda0d764c3c1fc66e87: Copied (new)
2017/05/01 16:48:38 Work/HPCtoEC2/singularity/images/containharry.img: Sending chunk 671088640 length 16777216
2017/05/01 16:48:38 Work/HPCtoEC2/singularity/images/containharry.img: Sending chunk 687865856 length 16777216
2017/05/01 16:48:38 Work/CloudBackup/.git/objects/dd/d6598316e8205d462e5d0fe2ea900e7a8d105d: Copied (new)
2017/05/01 16:48:38 Work/CloudBackup/cloudbackup.sh: Copied (new)
2017/05/01 16:48:39 Work/HPCtoEC2/singularity/images/containharry.img: Sending chunk 704643072 length 16777216
2017/05/01 16:48:39 Work/HPCtoEC2/singularity/images/containharry.img: Sending chunk 721420288 length 16777216
2017/05/01 16:48:39 Work/HPCtoEC2/singularity/images/containharry.img: Sending chunk 738197504 length 16777216
2017/05/01 16:48:39 Work/CloudBackup/.git/objects/1b/f08bb3580c0a9b06fbf60f2a8efbda0ce4a486: Copied (new)
2017/05/01 16:48:40 Work/HPCtoEC2/singularity/images/containharry.img: Sending chunk 754974720 length 16777216
2017/05/01 16:48:40 Work/HPCtoEC2/singularity/images/containharry.img: Sending chunk 771751936 length 16777216
2017/05/01 16:48:40 Work/CloudBackup/.git/objects/b7/6777c9d3c7910958fbc9478dc761d33ac3c398: Copied (new)
2017/05/01 16:48:41 Work/HPCtoEC2/singularity/images/containharry.img: Sending chunk 788529152 length 16777216
2017/05/01 16:48:41 Work/HPCtoEC2/singularity/images/containharry.img: Sending chunk 805306368 length 16777216
2017/05/01 16:48:41 Work/CloudBackup/.git/objects/a1/28e0b7b2c383745e8be64bfa28ad1cfb7c055d: Copied (new)
2017/05/01 16:48:41 Work/HPCtoEC2/singularity/images/containharry.img: Sending chunk 822083584 length 16777216
2017/05/01 16:48:42 Work/HPCtoEC2/singularity/images/containharry.img: Sending chunk 838860800 length 16777216
2017/05/01 16:48:42 Work/CloudBackup/.git/objects/ba/1e51252e69240a34cccef3e50358cbd924626b: Copied (new)
2017/05/01 16:48:42 Work/HPCtoEC2/singularity/images/containharry.img: Sending chunk 855638016 length 16777216
2017/05/01 16:48:43 Work/CloudBackup/.git/objects/4b/825dc642cb6eb9a060e54bf8d69288fbee4904: Copied (new)
2017/05/01 16:48:43 Work/HPCtoEC2/singularity/images/containharry.img: Sending chunk 872415232 length 16777216
2017/05/01 16:48:43 Work/HPCtoEC2/singularity/images/containharry.img: Sending chunk 889192448 length 16777216
2017/05/01 16:48:43 Work/CloudBackup/.git/objects/5b/3a7d6c5b4dc17686332e8205f8e8bfcfafb84f: Copied (new)
2017/05/01 16:48:44 Work/HPCtoEC2/singularity/images/containharry.img: Sending chunk 905969664 length 16777216
2017/05/01 16:48:44 Work/HPCtoEC2/singularity/images/containharry.img: Sending chunk 922746880 length 16777216
2017/05/01 16:48:44 Work/CloudBackup/.git/objects/c0/48d311a97f2986f8cc1aa8016a50f324eac410: Copied (new)
2017/05/01 16:48:44 Work/HPCtoEC2/singularity/images/containharry.img: Sending chunk 939524096 length 16777216
2017/05/01 16:48:45 Work/HPCtoEC2/singularity/images/containharry.img: Sending chunk 956301312 length 16777216
2017/05/01 16:48:45 Work/CloudBackup/.git/objects/75/230a5caf8db3fa79fe77eee6af70de04a4e18c: Copied (new)
2017/05/01 16:48:45 Work/HPCtoEC2/singularity/images/containharry.img: Sending chunk 973078528 length 16777216
2017/05/01 16:48:46 Work/HPCtoEC2/singularity/images/containharry.img: Sending chunk 989855744 length 16777216
2017/05/01 16:48:46 Work/CloudBackup/.git/objects/a5/0a8858752f603696fbc72e8824eb943df48b42: Copied (new)
2017/05/01 16:48:46 Work/HPCtoEC2/singularity/images/containharry.img: Sending chunk 1006632960 length 16777216
2017/05/01 16:48:46 Work/HPCtoEC2/cfncluster/singularity.pem: Copied (new)
2017/05/01 16:48:46 Work/HPCtoEC2/singularity/images/containharry.img: Sending chunk 1023410176 length 16777216
2017/05/01 16:48:47 Work/HPCtoEC2/singularity/images/containharry.img: Sending chunk 1040187392 length 16777216
2017/05/01 16:48:47 Work/HPCtoEC2/.git/HEAD: Copied (new)
2017/05/01 16:48:47 Work/HPCtoEC2/singularity/images/containharry.img: Sending chunk 1056964608 length 16777216
2017/05/01 16:48:48 Work/HPCtoEC2/singularity/images/containharry.img: Sending chunk 1073741824 length 16777216
2017/05/01 16:48:48 Work/HPCtoEC2/singularity/images/containharry.img: Sending chunk 1090519040 length 16777216
2017/05/01 16:48:48 Work/CloudBackup/.git/logs/refs/heads/master: Copied (new)
2017/05/01 16:48:49 Work/HPCtoEC2/singularity/images/containharry.img: Sending chunk 1107296256 length 16777216
2017/05/01 16:48:49 Work/HPCtoEC2/singularity/images/containharry.img: Sending chunk 1124073472 length 16777216
2017/05/01 16:48:49 Work/HPCtoEC2/.git/hooks/commit-msg.sample: Copied (new)
2017/05/01 16:48:49 Work/CloudBackup/filesToExclude.txt: Copied (new)
2017/05/01 16:48:49 Work/CloudBackup/.git/objects/dd/34f0582dbc072127f99b77a271027de16ab71c: Copied (new)
2017/05/01 16:48:49 Work/HPCtoEC2/singularity/images/containharry.img: Sending chunk 1140850688 length 16777216
2017/05/01 16:48:50 Work/HPCtoEC2/singularity/images/containharry.img: Sending chunk 1157627904 length 16777216
2017/05/01 16:48:50 Work/HPCtoEC2/singularity/images/containharry.img: Sending chunk 1174405120 length 16777216
2017/05/01 16:48:50 Work/CloudBackup/.git/objects/8e/cb1a8a90e466ae1d2e1a967aecfeb9dcd9d118: Copied (new)
2017/05/01 16:48:51 Work/HPCtoEC2/singularity/images/containharry.img: Sending chunk 1191182336 length 16777216
2017/05/01 16:48:51 Work/HPCtoEC2/singularity/images/containharry.img: Sending chunk 1207959552 length 16777216
2017/05/01 16:48:51 Work/CloudBackup/.git/objects/e6/9de29bb2d1d6434b8b29ae775ad8c2e48c5391: Copied (new)
2017/05/01 16:48:51 Work/HPCtoEC2/singularity/images/containharry.img: Sending chunk 1224736768 length 16777216
2017/05/01 16:48:52 Work/HPCtoEC2/singularity/images/containharry.img: Sending chunk 1241513984 length 16777216
2017/05/01 16:48:52 Work/CloudBackup/.git/objects/54/3b9bebdc6bd5c4b22136034a95dd097a57d3dd: Copied (new)
2017/05/01 16:48:52 Work/HPCtoEC2/singularity/images/containharry.img: Sending chunk 1258291200 length 16777216
2017/05/01 16:48:53 Work/HPCtoEC2/singularity/images/containharry.img: Sending chunk 1275068416 length 16777216
2017/05/01 16:48:53 Work/CloudBackup/.git/objects/a9/f4ca85fcae3c1b3e13e58cbcfc3993ea7cd45e: Copied (new)
2017/05/01 16:48:53 Work/HPCtoEC2/singularity/images/containharry.img: Sending chunk 1291845632 length 16777216
2017/05/01 16:48:54 Work/HPCtoEC2/singularity/images/containharry.img: Sending chunk 1308622848 length 16777216
2017/05/01 16:48:54 Work/CloudBackup/.git/objects/b9/a602a170f58bb51ccca8523a8e5380276351e6: Copied (new)
2017/05/01 16:48:54 Work/HPCtoEC2/singularity/images/containharry.img: Sending chunk 1325400064 length 16777216
2017/05/01 16:48:54 Work/HPCtoEC2/singularity/images/containharry.img: Sending chunk 1342177280 length 16777216
2017/05/01 16:48:55 Work/CloudBackup/.git/objects/86/1a7b763392aa07c034414c1aa201c8e5838906: Copied (new)
2017/05/01 16:48:55 Work/HPCtoEC2/singularity/images/containharry.img: Sending chunk 1358954496 length 16777216
2017/05/01 16:48:55 Work/HPCtoEC2/singularity/images/containharry.img: Sending chunk 1375731712 length 16777216
2017/05/01 16:48:55 Work/CloudBackup/.git/objects/aa/ebdb4747d6ad83eadf7c2ba15ef91576d8f5ea: Copied (new)
2017/05/01 16:48:56 Work/HPCtoEC2/singularity/images/containharry.img: Sending chunk 1392508928 length 16777216
2017/05/01 16:48:56 Work/HPCtoEC2/singularity/images/containharry.img: Sending chunk 1409286144 length 16777216
2017/05/01 16:48:56 Work/HPCtoEC2/.git/hooks/pre-applypatch.sample: Copied (new)
2017/05/01 16:48:56 Work/HPCtoEC2/.git/hooks/pre-commit.sample: Copied (new)
2017/05/01 16:48:56 Work/HPCtoEC2/singularity/images/containharry.img: Sending chunk 1426063360 length 16777216
2017/05/01 16:48:57 Work/CloudBackup/.git/objects/f4/b7b1d75cdb7e9f17cfcdb7b16f52f36f36ff44: Copied (new)
2017/05/01 16:48:57 Work/HPCtoEC2/singularity/images/containharry.img: Sending chunk 1442840576 length 16777216
2017/05/01 16:48:57 Work/HPCtoEC2/singularity/images/containharry.img: Sending chunk 1459617792 length 16777216
2017/05/01 16:48:57 Work/HPCtoEC2/.git/info/exclude: Copied (new)
2017/05/01 16:48:58 Work/HPCtoEC2/singularity/images/containharry.img: Sending chunk 1476395008 length 16777216
2017/05/01 16:48:58 Work/HPCtoEC2/.git/hooks/pre-rebase.sample: Copied (new)
2017/05/01 16:48:58 Work/HPCtoEC2/.git/config: Copied (new)
2017/05/01 16:48:58 Work/HPCtoEC2/.git/description: Copied (new)
2017/05/01 16:48:58 Work/HPCtoEC2/singularity/images/containharry.img: Sending chunk 1493172224 length 16777216
2017/05/01 16:48:58 Work/HPCtoEC2/.git/hooks/update.sample: Copied (new)
2017/05/01 16:48:59 Work/HPCtoEC2/singularity/images/containharry.img: Sending chunk 1509949440 length 16777216
2017/05/01 16:48:59 Work/HPCtoEC2/.git/hooks/post-update.sample: Copied (new)
2017/05/01 16:48:59 Work/HPCtoEC2/.git/hooks/prepare-commit-msg.sample: Copied (new)
2017/05/01 16:48:59 Work/HPCtoEC2/.git/hooks/post-commit.sample: Copied (new)
2017/05/01 16:48:59 Work/HPCtoEC2/singularity/images/containharry.img: Sending chunk 1526726656 length 16777216
2017/05/01 16:48:59 Work/HPCtoEC2/.git/hooks/applypatch-msg.sample: Copied (new)
2017/05/01 16:48:59 Work/HPCtoEC2/.git/hooks/post-receive.sample: Copied (new)
2017/05/01 16:48:59 Work/HPCtoEC2/singularity/images/containharry.img: Sending chunk 1543503872 length 16777216
2017/05/01 16:49:00 Work/HPCtoEC2/singularity/images/containharry.img: Sending chunk 1560281088 length 16777216
2017/05/01 16:49:00 Work/HPCtoEC2/singularity/images/containharry.img: Sending chunk 1577058304 length 16777216
2017/05/01 16:49:01 Work/HPCtoEC2/singularity/images/containharry.img: Sending chunk 1593835520 length 16777216
2017/05/01 16:49:01 Work/CloudBackup/.git/logs/refs/remotes/origin/master: Copied (new)
2017/05/01 16:49:01 Work/HPCtoEC2/singularity/images/containharry.img: Sending chunk 1610612736 length 16777216
2017/05/01 16:49:01 Work/HPCtoEC2/singularity/images/containharry.img: Sending chunk 1627389952 length 16777216
2017/05/01 16:49:02 Work/HPCtoEC2/singularity/images/containharry.img: Sending chunk 1644167168 length 16777216
2017/05/01 16:49:02 Work/HPCtoEC2/singularity/images/containharry.img: Sending chunk 1660944384 length 16777216
2017/05/01 16:49:03 Work/HPCtoEC2/singularity/images/containharry.img: Sending chunk 1677721600 length 16777216
2017/05/01 16:49:03 Work/HPCtoEC2/singularity/images/containharry.img: Sending chunk 1694498816 length 16777216
2017/05/01 16:49:03 Work/HPCtoEC2/singularity/images/containharry.img: Sending chunk 1711276032 length 16777216
2017/05/01 16:49:04 Work/HPCtoEC2/singularity/images/containharry.img: Sending chunk 1728053248 length 16777216
2017/05/01 16:49:04 Work/HPCtoEC2/singularity/images/containharry.img: Sending chunk 1744830464 length 16777216
2017/05/01 16:49:05 Work/HPCtoEC2/singularity/images/containharry.img: Sending chunk 1761607680 length 16777216
2017/05/01 16:49:05 Work/HPCtoEC2/singularity/images/containharry.img: Sending chunk 1778384896 length 16777216
2017/05/01 16:49:05 Work/HPCtoEC2/singularity/images/containharry.img: Sending chunk 1795162112 length 16777216
2017/05/01 16:49:06 Work/HPCtoEC2/singularity/images/containharry.img: Sending chunk 1811939328 length 16777216
2017/05/01 16:49:06 Work/HPCtoEC2/singularity/images/containharry.img: Sending chunk 1828716544 length 16777216
2017/05/01 16:49:07 Work/HPCtoEC2/singularity/images/containharry.img: Sending chunk 1845493760 length 16777216
2017/05/01 16:49:07 Work/HPCtoEC2/singularity/images/containharry.img: Sending chunk 1862270976 length 16777216
2017/05/01 16:49:07 Work/HPCtoEC2/singularity/images/containharry.img: Sending chunk 1879048192 length 16777216
2017/05/01 16:49:08 Work/HPCtoEC2/singularity/images/containharry.img: Sending chunk 1895825408 length 16777216
2017/05/01 16:49:08 Work/HPCtoEC2/singularity/images/containharry.img: Sending chunk 1912602624 length 16777216
2017/05/01 16:49:09 Work/HPCtoEC2/singularity/images/containharry.img: Sending chunk 1929379840 length 16777216
2017/05/01 16:49:09 Work/HPCtoEC2/singularity/images/containharry.img: Sending chunk 1946157056 length 16777216
2017/05/01 16:49:09 Work/HPCtoEC2/singularity/images/containharry.img: Sending chunk 1962934272 length 16777216
2017/05/01 16:49:09 
Transferred:   1.844 GBytes (31.242 MBytes/s)
Errors:                 2
Checks:                 0
Transferred:           90
Elapsed time:      1m0.4s
Transferring:
 * ...CtoEC2/singularity/images/containharry.img: 18% done, 37.847 MBytes/s, ETA: 3m40s

2017/05/01 16:49:10 Work/HPCtoEC2/singularity/images/containharry.img: Sending chunk 1979711488 length 16777216
2017/05/01 16:49:10 Work/HPCtoEC2/singularity/images/containharry.img: Sending chunk 1996488704 length 16777216
2017/05/01 16:49:11 Work/HPCtoEC2/singularity/images/containharry.img: Sending chunk 2013265920 length 16777216
2017/05/01 16:49:11 Work/HPCtoEC2/singularity/images/containharry.img: Sending chunk 2030043136 length 16777216
2017/05/01 16:49:12 Work/HPCtoEC2/singularity/images/containharry.img: Sending chunk 2046820352 length 16777216
2017/05/01 16:49:12 Work/HPCtoEC2/singularity/images/containharry.img: Sending chunk 2063597568 length 16777216
2017/05/01 16:49:12 Work/HPCtoEC2/singularity/images/containharry.img: Sending chunk 2080374784 length 16777216
2017/05/01 16:49:13 Work/HPCtoEC2/singularity/images/containharry.img: Sending chunk 2097152000 length 16777216
2017/05/01 16:49:13 Work/HPCtoEC2/singularity/images/containharry.img: Sending chunk 2113929216 length 16777216
2017/05/01 16:49:14 Work/HPCtoEC2/singularity/images/containharry.img: Sending chunk 2130706432 length 16777216
2017/05/01 16:49:14 Work/HPCtoEC2/singularity/images/containharry.img: Sending chunk 2147483648 length 16777216
2017/05/01 16:49:14 Work/HPCtoEC2/singularity/images/containharry.img: Sending chunk 2164260864 length 16777216
2017/05/01 16:49:15 Work/HPCtoEC2/singularity/images/containharry.img: Sending chunk 2181038080 length 16777216
2017/05/01 16:49:15 Work/HPCtoEC2/singularity/images/containharry.img: Sending chunk 2197815296 length 16777216
2017/05/01 16:49:16 Work/HPCtoEC2/singularity/images/containharry.img: Sending chunk 2214592512 length 16777216
2017/05/01 16:49:16 Work/HPCtoEC2/singularity/images/containharry.img: Sending chunk 2231369728 length 16777216
2017/05/01 16:49:16 Work/HPCtoEC2/singularity/images/containharry.img: Sending chunk 2248146944 length 16777216
2017/05/01 16:49:17 Work/HPCtoEC2/singularity/images/containharry.img: Sending chunk 2264924160 length 16777216
2017/05/01 16:49:17 Work/HPCtoEC2/singularity/images/containharry.img: Sending chunk 2281701376 length 16777216
2017/05/01 16:49:18 Work/HPCtoEC2/singularity/images/containharry.img: Sending chunk 2298478592 length 16777216
2017/05/01 16:49:18 Work/HPCtoEC2/singularity/images/containharry.img: Sending chunk 2315255808 length 16777216
2017/05/01 16:49:19 Work/HPCtoEC2/singularity/images/containharry.img: Sending chunk 2332033024 length 16777216
2017/05/01 16:49:19 Work/HPCtoEC2/singularity/images/containharry.img: Sending chunk 2348810240 length 16777216
2017/05/01 16:49:20 Work/HPCtoEC2/singularity/images/containharry.img: Sending chunk 2365587456 length 16777216
2017/05/01 16:49:20 Work/HPCtoEC2/singularity/images/containharry.img: Sending chunk 2382364672 length 16777216
2017/05/01 16:49:20 Work/HPCtoEC2/singularity/images/containharry.img: Sending chunk 2399141888 length 16777216
2017/05/01 16:49:21 Work/HPCtoEC2/singularity/images/containharry.img: Sending chunk 2415919104 length 16777216
2017/05/01 16:49:21 Work/HPCtoEC2/singularity/images/containharry.img: Sending chunk 2432696320 length 16777216
2017/05/01 16:49:22 Work/HPCtoEC2/singularity/images/containharry.img: Sending chunk 2449473536 length 16777216
2017/05/01 16:49:22 Work/HPCtoEC2/singularity/images/containharry.img: Sending chunk 2466250752 length 16777216
2017/05/01 16:49:23 Work/HPCtoEC2/singularity/images/containharry.img: Sending chunk 2483027968 length 16777216
2017/05/01 16:49:23 Work/HPCtoEC2/singularity/images/containharry.img: Sending chunk 2499805184 length 16777216
2017/05/01 16:49:24 Work/HPCtoEC2/singularity/images/containharry.img: Sending chunk 2516582400 length 16777216
2017/05/01 16:49:24 Work/HPCtoEC2/singularity/images/containharry.img: Sending chunk 2533359616 length 16777216
2017/05/01 16:49:24 Work/HPCtoEC2/singularity/images/containharry.img: Sending chunk 2550136832 length 16777216
2017/05/01 16:49:25 Work/HPCtoEC2/singularity/images/containharry.img: Sending chunk 2566914048 length 16777216
2017/05/01 16:49:25 Work/HPCtoEC2/singularity/images/containharry.img: Sending chunk 2583691264 length 16777216
2017/05/01 16:49:26 Work/HPCtoEC2/singularity/images/containharry.img: Sending chunk 2600468480 length 16777216
2017/05/01 16:49:26 Work/HPCtoEC2/singularity/images/containharry.img: Sending chunk 2617245696 length 16777216
2017/05/01 16:49:27 Work/HPCtoEC2/singularity/images/containharry.img: Sending chunk 2634022912 length 16777216
2017/05/01 16:49:27 Work/HPCtoEC2/singularity/images/containharry.img: Sending chunk 2650800128 length 16777216
2017/05/01 16:49:28 Work/HPCtoEC2/singularity/images/containharry.img: Sending chunk 2667577344 length 16777216
2017/05/01 16:49:28 Work/HPCtoEC2/singularity/images/containharry.img: Sending chunk 2684354560 length 16777216
2017/05/01 16:49:29 Work/HPCtoEC2/singularity/images/containharry.img: Sending chunk 2701131776 length 16777216
2017/05/01 16:49:30 Work/HPCtoEC2/singularity/images/containharry.img: Sending chunk 2717908992 length 16777216
2017/05/01 16:49:30 Work/HPCtoEC2/singularity/images/containharry.img: Sending chunk 2734686208 length 16777216
2017/05/01 16:49:30 Work/HPCtoEC2/singularity/images/containharry.img: Sending chunk 2751463424 length 16777216
2017/05/01 16:49:31 Work/HPCtoEC2/singularity/images/containharry.img: Sending chunk 2768240640 length 16777216
2017/05/01 16:49:31 Work/HPCtoEC2/singularity/images/containharry.img: Sending chunk 2785017856 length 16777216
2017/05/01 16:49:32 Work/HPCtoEC2/singularity/images/containharry.img: Sending chunk 2801795072 length 16777216
2017/05/01 16:49:32 Work/HPCtoEC2/singularity/images/containharry.img: Sending chunk 2818572288 length 16777216
2017/05/01 16:49:33 Work/HPCtoEC2/singularity/images/containharry.img: Sending chunk 2835349504 length 16777216
2017/05/01 16:49:33 Work/HPCtoEC2/singularity/images/containharry.img: Sending chunk 2852126720 length 16777216
2017/05/01 16:49:34 Work/HPCtoEC2/singularity/images/containharry.img: Sending chunk 2868903936 length 16777216
2017/05/01 16:49:34 Work/HPCtoEC2/singularity/images/containharry.img: Sending chunk 2885681152 length 16777216
2017/05/01 17:22:22 rclone: Version "v1.35-DEV" starting with parameters ["rclone" "copy" "-vv" "--include-from" "filesToSave.txt" "--exclude-from" "filesToExclude.txt" "/" "gDrive:hpc_backup" "--dump-filters" "--log-file" "/pub/jtatar/Work/CloudBackup/hpc_cloud_backup.log" "--transfers=32" "--checkers=16" "--drive-chunk-size=16384k" "--drive-upload-cutoff=16384k" "--drive-use-trash"]
2017/05/01 17:22:22 gDrive: Saved new token in config file
2017/05/01 17:22:22 Google drive root 'hpc_backup': Modify window is 1ms
2017/05/01 17:22:22 Google drive root 'hpc_backup': Reading ""
2017/05/01 17:22:23 Google drive root 'hpc_backup': Finished reading ""
2017/05/01 17:22:23 tw: Can't follow symlink without -L/--copy-links
2017/05/01 17:22:23 ansys_inc: Can't follow symlink without -L/--copy-links
2017/05/01 17:22:23 bio: Can't follow symlink without -L/--copy-links
2017/05/01 17:22:23 samlab: Can't follow symlink without -L/--copy-links
2017/05/01 17:22:23 checkpoint: Can't follow symlink without -L/--copy-links
2017/05/01 17:22:23 ssd-scratch: Can't follow symlink without -L/--copy-links
2017/05/01 17:22:23 som: Can't follow symlink without -L/--copy-links
2017/05/01 17:22:23 zot: Can't follow symlink without -L/--copy-links
2017/05/01 17:22:23 cbcl: Can't follow symlink without -L/--copy-links
2017/05/01 17:22:23 jje: Can't follow symlink without -L/--copy-links
2017/05/01 17:22:23 pub: Can't follow symlink without -L/--copy-links
2017/05/01 17:22:23 this: Excluded from sync (and deletion)
2017/05/01 17:22:23 .autofsck: Excluded from sync (and deletion)
2017/05/01 17:22:23 .autorelabel: Excluded from sync (and deletion)
2017/05/01 17:22:23 openssl_req.log: Excluded from sync (and deletion)
2017/05/01 17:22:23 Google drive root 'hpc_backup': Waiting for checks to finish
2017/05/01 17:22:23 Google drive root 'hpc_backup': Waiting for transfers to finish
2017/05/01 17:22:23 
Transferred:      0 Bytes (0 Bytes/s)
Errors:                 0
Checks:                 0
Transferred:            0
Elapsed time:       700ms
2017/05/01 17:22:23 Go routines at exit 8
2017/05/01 17:25:30 rclone: Version "v1.35-DEV" starting with parameters ["rclone" "copy" "-vv" "--files-from" "filesToSave.txt" "--exclude-from" "filesToExclude.txt" "/" "gDrive:hpc_backup" "--dump-filters" "--log-file" "/pub/jtatar/Work/CloudBackup/hpc_cloud_backup.log" "--transfers=32" "--checkers=16" "--drive-chunk-size=16384k" "--drive-upload-cutoff=16384k" "--drive-use-trash"]
2017/05/01 17:25:31 Google drive root 'hpc_backup': Modify window is 1ms
2017/05/01 17:25:31 Google drive root 'hpc_backup': Waiting for checks to finish
2017/05/01 17:25:31 Google drive root 'hpc_backup': Waiting for transfers to finish
2017/05/01 17:25:32 pub/jtatar/Work: Failed to copy: read /pub/jtatar/Work: is a directory
2017/05/01 17:25:32 Attempt 1/3 failed with 1 errors and: read /pub/jtatar/Work: is a directory
2017/05/01 17:25:32 Google drive root 'hpc_backup': Waiting for checks to finish
2017/05/01 17:25:32 Google drive root 'hpc_backup': Waiting for transfers to finish
2017/05/01 17:25:33 pub/jtatar/Work: Failed to copy: read /pub/jtatar/Work: is a directory
2017/05/01 17:25:33 Attempt 2/3 failed with 1 errors and: read /pub/jtatar/Work: is a directory
2017/05/01 17:25:33 Google drive root 'hpc_backup': Waiting for checks to finish
2017/05/01 17:25:33 Google drive root 'hpc_backup': Waiting for transfers to finish
2017/05/01 17:25:33 pub/jtatar/Work: Failed to copy: read /pub/jtatar/Work: is a directory
2017/05/01 17:25:33 Attempt 3/3 failed with 1 errors and: read /pub/jtatar/Work: is a directory
2017/05/01 17:25:33 Failed to copy: read /pub/jtatar/Work: is a directory
2017/05/01 17:26:47 rclone: Version "v1.35-DEV" starting with parameters ["rclone" "copy" "-vv" "--files-from" "filesToSave.txt" "--exclude-from" "filesToExclude.txt" "/" "gDrive:hpc_backup" "--dump-filters" "--log-file" "/pub/jtatar/Work/CloudBackup/hpc_cloud_backup.log" "--transfers=32" "--checkers=16" "--drive-chunk-size=16384k" "--drive-upload-cutoff=16384k" "--drive-use-trash"]
2017/05/01 17:26:48 Google drive root 'hpc_backup': Modify window is 1ms
2017/05/01 17:26:48 Google drive root 'hpc_backup': Waiting for checks to finish
2017/05/01 17:26:48 Google drive root 'hpc_backup': Waiting for transfers to finish
2017/05/01 17:26:48 
Transferred:      0 Bytes (0 Bytes/s)
Errors:                 0
Checks:                 0
Transferred:            0
Elapsed time:       900ms
2017/05/01 17:26:48 Go routines at exit 6
2017/05/01 17:28:53 rclone: Version "v1.35-DEV" starting with parameters ["rclone" "copy" "-vv" "--include-from" "filesToSave.txt" "--exclude-from" "filesToExclude.txt" "/pub/jtatar/" "gDrive:hpc_backup" "--dump-filters" "--log-file" "/pub/jtatar/Work/CloudBackup/hpc_cloud_backup.log" "--transfers=32" "--checkers=16" "--drive-chunk-size=16384k" "--drive-upload-cutoff=16384k" "--drive-use-trash"]
2017/05/01 17:28:54 Google drive root 'hpc_backup': Modify window is 1ms
2017/05/01 17:28:54 Google drive root 'hpc_backup': Reading ""
2017/05/01 17:28:54 Google drive root 'hpc_backup': Finished reading ""
2017/05/01 17:28:54 SigSpace256Samps2014AmpModel.root: Excluded from sync (and deletion)
2017/05/01 17:28:54 2014SignalSpace.root: Excluded from sync (and deletion)
2017/05/01 17:28:54 2015_128SamplesSignalSpace.gif: Excluded from sync (and deletion)
2017/05/01 17:28:54 2014AmpWith256SigSpace.gif: Excluded from sync (and deletion)
2017/05/01 17:28:54 2014NoiseStudies.root: Excluded from sync (and deletion)
2017/05/01 17:28:54 128SampTemplates.root: Excluded from sync (and deletion)
2017/05/01 17:28:54 oldSigTempAnalysisFriendly.root: Excluded from sync (and deletion)
2017/05/01 17:28:54 oldSigTempSubsetAnalysisFriendly.root: Excluded from sync (and deletion)
2017/05/01 17:28:54 angRecoCC_debug.root: Excluded from sync (and deletion)
2017/05/01 17:28:54 plots_C.so: Excluded from sync (and deletion)
2017/05/01 17:28:54 128SampNoiseTree.root: Excluded from sync (and deletion)
2017/05/01 17:28:54 debug2.root: Excluded from sync (and deletion)
2017/05/01 17:28:54 nt.sigSpace2015Short.root: Excluded from sync (and deletion)
2017/05/01 17:28:54 plots.C: Excluded from sync (and deletion)
2017/05/01 17:28:54 2014SigAutoCC.gif: Excluded from sync (and deletion)
2017/05/01 17:28:54 2015_128SamplesAutoCC.gif: Excluded from sync (and deletion)
2017/05/01 17:28:54 80mV.gif: Excluded from sync (and deletion)
2017/05/01 17:28:54 Latest2015SignalSpace.gif: Excluded from sync (and deletion)
2017/05/01 17:28:54 truncSig.root: Excluded from sync (and deletion)
2017/05/01 17:28:54 2015Amp128SampSignal.root: Excluded from sync (and deletion)
2017/05/01 17:28:54 debug.root: Excluded from sync (and deletion)
2017/05/01 17:28:54 NoiseStudies.root: Excluded from sync (and deletion)
2017/05/01 17:28:54 ccVang128.gif: Excluded from sync (and deletion)
2017/05/01 17:28:54 mccExcludedFiles.log: Excluded from sync (and deletion)
2017/05/01 17:28:54 allreco.root: Excluded from sync (and deletion)
2017/05/01 17:28:54 all.root: Excluded from sync (and deletion)
2017/05/01 17:28:54 plots_C.d: Excluded from sync (and deletion)
2017/05/01 17:28:54 CompleteSignalSpace2015.root: Excluded from sync (and deletion)
2017/05/01 17:28:54 all.2014AmpModel128Samples.root: Excluded from sync (and deletion)
2017/05/01 17:28:54 reproduce2014Signal.root: Excluded from sync (and deletion)
2017/05/01 17:28:54 2015SigalSpace.root: Excluded from sync (and deletion)
2017/05/01 17:28:54 all.2014AmpModel256Samples.root: Excluded from sync (and deletion)
2017/05/01 17:28:54 autoCCcut.gif: Excluded from sync (and deletion)
2017/05/01 17:28:54 ch0ch1direct.gif: Excluded from sync (and deletion)
2017/05/01 17:28:54 AutoCCNoNoise.gif: Excluded from sync (and deletion)
2017/05/01 17:28:54 angreco.root: Excluded from sync (and deletion)
2017/05/01 17:28:54 ch1ch2direct.gif: Excluded from sync (and deletion)
2017/05/01 17:28:54 AutoCCRealistic.gif: Excluded from sync (and deletion)
2017/05/01 17:28:54 IR_lstm_keras.ipynb: Excluded from sync (and deletion)
2017/05/01 17:28:54 allconereco.root: Excluded from sync (and deletion)
2017/05/01 17:28:54 2014AutoCCForNoise.gif: Excluded from sync (and deletion)
2017/05/01 17:28:54 allfixedamp.root: Excluded from sync (and deletion)
2017/05/01 17:28:54 volt_lpa_prenoise_ch0.gif: Excluded from sync (and deletion)
2017/05/01 17:28:54 volt_lpa_prenoise_ch1.gif: Excluded from sync (and deletion)
2017/05/01 17:28:54 volt_lpa_prenoise_ch2.gif: Excluded from sync (and deletion)
2017/05/01 17:28:54 volt_lpa_prenoise_ch3.gif: Excluded from sync (and deletion)
2017/05/01 17:28:54 volt_lpa_mirror_prenoise_ch0.gif: Excluded from sync (and deletion)
2017/05/01 17:28:54 volt_lpa_mirror_prenoise_ch1.gif: Excluded from sync (and deletion)
2017/05/01 17:28:54 volt_lpa_mirror_prenoise_ch2.gif: Excluded from sync (and deletion)
2017/05/01 17:28:54 volt_lpa_mirror_prenoise_ch3.gif: Excluded from sync (and deletion)
2017/05/01 17:28:54 ch2ch3direct.gif: Excluded from sync (and deletion)
2017/05/01 17:28:54 ch0ch3direct.gif: Excluded from sync (and deletion)
2017/05/01 17:28:54 ch0ch1mirror.gif: Excluded from sync (and deletion)
2017/05/01 17:28:54 ch1ch2mirror.gif: Excluded from sync (and deletion)
2017/05/01 17:28:54 ch2ch3mirror.gif: Excluded from sync (and deletion)
2017/05/01 17:28:54 ch0ch3mirror.gif: Excluded from sync (and deletion)
2017/05/01 17:28:54 simSignalnt.TestrelStnVolt.ThetaPhi.root: Excluded from sync (and deletion)
2017/05/01 17:28:54 simSignalnt.TestAll.ThetaPhi.root: Excluded from sync (and deletion)
2017/05/01 17:28:54 all_withangsmear.root: Excluded from sync (and deletion)
2017/05/01 17:28:54 Google drive root 'hpc_backup': Waiting for checks to finish
2017/05/01 17:28:54 Google drive root 'hpc_backup': Waiting for transfers to finish
2017/05/01 17:28:54 
Transferred:      0 Bytes (0 Bytes/s)
Errors:                 0
Checks:                 0
Transferred:            0
Elapsed time:       500ms
2017/05/01 17:28:54 Go routines at exit 6
2017/05/01 17:31:21 rclone: Version "v1.35-DEV" starting with parameters ["rclone" "copy" "-vv" "--include-from" "filesToSave.txt" "--exclude-from" "filesToExclude.txt" "/pub/jtatar" "gDrive:hpc_backup" "--dump-filters" "--log-file" "/pub/jtatar/Work/CloudBackup/hpc_cloud_backup.log" "--transfers=32" "--checkers=16" "--drive-chunk-size=16384k" "--drive-upload-cutoff=16384k" "--drive-use-trash"]
2017/05/01 17:31:22 Google drive root 'hpc_backup': Modify window is 1ms
2017/05/01 17:31:22 Google drive root 'hpc_backup': Reading ""
2017/05/01 17:31:22 Google drive root 'hpc_backup': Finished reading ""
2017/05/01 17:31:22 SigSpace256Samps2014AmpModel.root: Excluded from sync (and deletion)
2017/05/01 17:31:22 2014SignalSpace.root: Excluded from sync (and deletion)
2017/05/01 17:31:22 2015_128SamplesSignalSpace.gif: Excluded from sync (and deletion)
2017/05/01 17:31:22 2014AmpWith256SigSpace.gif: Excluded from sync (and deletion)
2017/05/01 17:31:22 2014NoiseStudies.root: Excluded from sync (and deletion)
2017/05/01 17:31:22 128SampTemplates.root: Excluded from sync (and deletion)
2017/05/01 17:31:22 oldSigTempAnalysisFriendly.root: Excluded from sync (and deletion)
2017/05/01 17:31:22 oldSigTempSubsetAnalysisFriendly.root: Excluded from sync (and deletion)
2017/05/01 17:31:22 angRecoCC_debug.root: Excluded from sync (and deletion)
2017/05/01 17:31:22 plots_C.so: Excluded from sync (and deletion)
2017/05/01 17:31:22 128SampNoiseTree.root: Excluded from sync (and deletion)
2017/05/01 17:31:22 debug2.root: Excluded from sync (and deletion)
2017/05/01 17:31:22 nt.sigSpace2015Short.root: Excluded from sync (and deletion)
2017/05/01 17:31:22 plots.C: Excluded from sync (and deletion)
2017/05/01 17:31:22 2014SigAutoCC.gif: Excluded from sync (and deletion)
2017/05/01 17:31:22 2015_128SamplesAutoCC.gif: Excluded from sync (and deletion)
2017/05/01 17:31:22 80mV.gif: Excluded from sync (and deletion)
2017/05/01 17:31:22 Latest2015SignalSpace.gif: Excluded from sync (and deletion)
2017/05/01 17:31:22 truncSig.root: Excluded from sync (and deletion)
2017/05/01 17:31:22 2015Amp128SampSignal.root: Excluded from sync (and deletion)
2017/05/01 17:31:22 debug.root: Excluded from sync (and deletion)
2017/05/01 17:31:22 NoiseStudies.root: Excluded from sync (and deletion)
2017/05/01 17:31:22 ccVang128.gif: Excluded from sync (and deletion)
2017/05/01 17:31:22 mccExcludedFiles.log: Excluded from sync (and deletion)
2017/05/01 17:31:22 allreco.root: Excluded from sync (and deletion)
2017/05/01 17:31:22 all.root: Excluded from sync (and deletion)
2017/05/01 17:31:22 plots_C.d: Excluded from sync (and deletion)
2017/05/01 17:31:22 CompleteSignalSpace2015.root: Excluded from sync (and deletion)
2017/05/01 17:31:22 all.2014AmpModel128Samples.root: Excluded from sync (and deletion)
2017/05/01 17:31:22 reproduce2014Signal.root: Excluded from sync (and deletion)
2017/05/01 17:31:22 2015SigalSpace.root: Excluded from sync (and deletion)
2017/05/01 17:31:22 all.2014AmpModel256Samples.root: Excluded from sync (and deletion)
2017/05/01 17:31:22 autoCCcut.gif: Excluded from sync (and deletion)
2017/05/01 17:31:22 ch0ch1direct.gif: Excluded from sync (and deletion)
2017/05/01 17:31:22 AutoCCNoNoise.gif: Excluded from sync (and deletion)
2017/05/01 17:31:22 angreco.root: Excluded from sync (and deletion)
2017/05/01 17:31:22 ch1ch2direct.gif: Excluded from sync (and deletion)
2017/05/01 17:31:22 AutoCCRealistic.gif: Excluded from sync (and deletion)
2017/05/01 17:31:22 IR_lstm_keras.ipynb: Excluded from sync (and deletion)
2017/05/01 17:31:22 allconereco.root: Excluded from sync (and deletion)
2017/05/01 17:31:22 2014AutoCCForNoise.gif: Excluded from sync (and deletion)
2017/05/01 17:31:22 allfixedamp.root: Excluded from sync (and deletion)
2017/05/01 17:31:22 volt_lpa_prenoise_ch0.gif: Excluded from sync (and deletion)
2017/05/01 17:31:22 volt_lpa_prenoise_ch1.gif: Excluded from sync (and deletion)
2017/05/01 17:31:22 volt_lpa_prenoise_ch2.gif: Excluded from sync (and deletion)
2017/05/01 17:31:22 volt_lpa_prenoise_ch3.gif: Excluded from sync (and deletion)
2017/05/01 17:31:22 volt_lpa_mirror_prenoise_ch0.gif: Excluded from sync (and deletion)
2017/05/01 17:31:22 volt_lpa_mirror_prenoise_ch1.gif: Excluded from sync (and deletion)
2017/05/01 17:31:22 volt_lpa_mirror_prenoise_ch2.gif: Excluded from sync (and deletion)
2017/05/01 17:31:22 volt_lpa_mirror_prenoise_ch3.gif: Excluded from sync (and deletion)
2017/05/01 17:31:22 ch2ch3direct.gif: Excluded from sync (and deletion)
2017/05/01 17:31:22 ch0ch3direct.gif: Excluded from sync (and deletion)
2017/05/01 17:31:22 ch0ch1mirror.gif: Excluded from sync (and deletion)
2017/05/01 17:31:22 ch1ch2mirror.gif: Excluded from sync (and deletion)
2017/05/01 17:31:22 ch2ch3mirror.gif: Excluded from sync (and deletion)
2017/05/01 17:31:22 ch0ch3mirror.gif: Excluded from sync (and deletion)
2017/05/01 17:31:22 simSignalnt.TestrelStnVolt.ThetaPhi.root: Excluded from sync (and deletion)
2017/05/01 17:31:22 simSignalnt.TestAll.ThetaPhi.root: Excluded from sync (and deletion)
2017/05/01 17:31:22 all_withangsmear.root: Excluded from sync (and deletion)
2017/05/01 17:31:22 Google drive root 'hpc_backup': Waiting for checks to finish
2017/05/01 17:31:22 Google drive root 'hpc_backup': Waiting for transfers to finish
2017/05/01 17:31:22 
Transferred:      0 Bytes (0 Bytes/s)
Errors:                 0
Checks:                 0
Transferred:            0
Elapsed time:       600ms
2017/05/01 17:31:22 Go routines at exit 6
2017/05/01 17:32:05 rclone: Version "v1.35-DEV" starting with parameters ["rclone" "copy" "-vv" "--include-from" "filesToSave.txt" "--exclude-from" "filesToExclude.txt" "/pub/jtatar" "gDrive:hpc_backup" "--dump-filters" "--log-file" "/pub/jtatar/Work/CloudBackup/hpc_cloud_backup.log" "--transfers=32" "--checkers=16" "--drive-chunk-size=16384k" "--drive-upload-cutoff=16384k" "--drive-use-trash"]
2017/05/01 17:32:06 Google drive root 'hpc_backup': Modify window is 1ms
2017/05/01 17:32:06 Google drive root 'hpc_backup': Reading ""
2017/05/01 17:32:06 Google drive root 'hpc_backup': Finished reading ""
2017/05/01 17:32:06 SigSpace256Samps2014AmpModel.root: Excluded from sync (and deletion)
2017/05/01 17:32:06 2014SignalSpace.root: Excluded from sync (and deletion)
2017/05/01 17:32:06 2015_128SamplesSignalSpace.gif: Excluded from sync (and deletion)
2017/05/01 17:32:06 2014AmpWith256SigSpace.gif: Excluded from sync (and deletion)
2017/05/01 17:32:06 2014NoiseStudies.root: Excluded from sync (and deletion)
2017/05/01 17:32:06 128SampTemplates.root: Excluded from sync (and deletion)
2017/05/01 17:32:06 oldSigTempAnalysisFriendly.root: Excluded from sync (and deletion)
2017/05/01 17:32:06 oldSigTempSubsetAnalysisFriendly.root: Excluded from sync (and deletion)
2017/05/01 17:32:06 angRecoCC_debug.root: Excluded from sync (and deletion)
2017/05/01 17:32:06 plots_C.so: Excluded from sync (and deletion)
2017/05/01 17:32:06 128SampNoiseTree.root: Excluded from sync (and deletion)
2017/05/01 17:32:06 debug2.root: Excluded from sync (and deletion)
2017/05/01 17:32:06 nt.sigSpace2015Short.root: Excluded from sync (and deletion)
2017/05/01 17:32:06 plots.C: Excluded from sync (and deletion)
2017/05/01 17:32:06 2014SigAutoCC.gif: Excluded from sync (and deletion)
2017/05/01 17:32:06 2015_128SamplesAutoCC.gif: Excluded from sync (and deletion)
2017/05/01 17:32:06 80mV.gif: Excluded from sync (and deletion)
2017/05/01 17:32:06 Latest2015SignalSpace.gif: Excluded from sync (and deletion)
2017/05/01 17:32:06 truncSig.root: Excluded from sync (and deletion)
2017/05/01 17:32:06 2015Amp128SampSignal.root: Excluded from sync (and deletion)
2017/05/01 17:32:06 debug.root: Excluded from sync (and deletion)
2017/05/01 17:32:06 NoiseStudies.root: Excluded from sync (and deletion)
2017/05/01 17:32:06 ccVang128.gif: Excluded from sync (and deletion)
2017/05/01 17:32:06 mccExcludedFiles.log: Excluded from sync (and deletion)
2017/05/01 17:32:06 allreco.root: Excluded from sync (and deletion)
2017/05/01 17:32:06 all.root: Excluded from sync (and deletion)
2017/05/01 17:32:06 plots_C.d: Excluded from sync (and deletion)
2017/05/01 17:32:06 CompleteSignalSpace2015.root: Excluded from sync (and deletion)
2017/05/01 17:32:06 all.2014AmpModel128Samples.root: Excluded from sync (and deletion)
2017/05/01 17:32:06 reproduce2014Signal.root: Excluded from sync (and deletion)
2017/05/01 17:32:06 2015SigalSpace.root: Excluded from sync (and deletion)
2017/05/01 17:32:06 all.2014AmpModel256Samples.root: Excluded from sync (and deletion)
2017/05/01 17:32:06 autoCCcut.gif: Excluded from sync (and deletion)
2017/05/01 17:32:06 ch0ch1direct.gif: Excluded from sync (and deletion)
2017/05/01 17:32:06 AutoCCNoNoise.gif: Excluded from sync (and deletion)
2017/05/01 17:32:06 angreco.root: Excluded from sync (and deletion)
2017/05/01 17:32:06 ch1ch2direct.gif: Excluded from sync (and deletion)
2017/05/01 17:32:06 AutoCCRealistic.gif: Excluded from sync (and deletion)
2017/05/01 17:32:06 IR_lstm_keras.ipynb: Excluded from sync (and deletion)
2017/05/01 17:32:06 allconereco.root: Excluded from sync (and deletion)
2017/05/01 17:32:06 2014AutoCCForNoise.gif: Excluded from sync (and deletion)
2017/05/01 17:32:06 allfixedamp.root: Excluded from sync (and deletion)
2017/05/01 17:32:06 volt_lpa_prenoise_ch0.gif: Excluded from sync (and deletion)
2017/05/01 17:32:06 volt_lpa_prenoise_ch1.gif: Excluded from sync (and deletion)
2017/05/01 17:32:06 volt_lpa_prenoise_ch2.gif: Excluded from sync (and deletion)
2017/05/01 17:32:06 volt_lpa_prenoise_ch3.gif: Excluded from sync (and deletion)
2017/05/01 17:32:06 volt_lpa_mirror_prenoise_ch0.gif: Excluded from sync (and deletion)
2017/05/01 17:32:06 volt_lpa_mirror_prenoise_ch1.gif: Excluded from sync (and deletion)
2017/05/01 17:32:06 volt_lpa_mirror_prenoise_ch2.gif: Excluded from sync (and deletion)
2017/05/01 17:32:06 volt_lpa_mirror_prenoise_ch3.gif: Excluded from sync (and deletion)
2017/05/01 17:32:06 ch2ch3direct.gif: Excluded from sync (and deletion)
2017/05/01 17:32:06 ch0ch3direct.gif: Excluded from sync (and deletion)
2017/05/01 17:32:06 ch0ch1mirror.gif: Excluded from sync (and deletion)
2017/05/01 17:32:06 ch1ch2mirror.gif: Excluded from sync (and deletion)
2017/05/01 17:32:06 ch2ch3mirror.gif: Excluded from sync (and deletion)
2017/05/01 17:32:06 ch0ch3mirror.gif: Excluded from sync (and deletion)
2017/05/01 17:32:06 simSignalnt.TestrelStnVolt.ThetaPhi.root: Excluded from sync (and deletion)
2017/05/01 17:32:06 simSignalnt.TestAll.ThetaPhi.root: Excluded from sync (and deletion)
2017/05/01 17:32:06 all_withangsmear.root: Excluded from sync (and deletion)
2017/05/01 17:32:06 Work/HPCtoEC2/singularity/rootstrap.def: Failed to copy: failed to open source object: open /pub/jtatar/Work/HPCtoEC2/singularity/rootstrap.def: permission denied
2017/05/01 17:32:17 Work/SelectiveBackup/test.png: Copied (new)
2017/05/01 17:32:20 Work/CloudBackup/filesToExclude.txt: Copied (new)
2017/05/01 17:32:30 Work/HPCtoEC2/singularity/bootstrap.def: Copied (new)
2017/05/01 17:32:38 Work/Teaching/minimal_serial_job.sh: Copied (new)
2017/05/01 17:32:40 Work/HPCtoEC2/cfncluster/singularity.pem: Copied (new)
2017/05/01 17:32:43 Work/HPCtoEC2/.git/hooks/pre-rebase.sample: Copied (new)
2017/05/01 17:32:46 pacer: Rate limited, sleeping for 1.797652072s (1 consecutive low level retries)
2017/05/01 17:32:46 pacer: low level retry 1/1 (error googleapi: Error 403: User Rate Limit Exceeded, userRateLimitExceeded)
2017/05/01 17:32:46 Work/SelectiveBackup/transferSize.npy: Received error: googleapi: Error 403: User Rate Limit Exceeded, userRateLimitExceeded - low level retry 1/10
2017/05/01 17:32:46 pacer: Resetting sleep to minimum 10ms on success
2017/05/01 17:32:46 pacer: Rate limited, sleeping for 1.19383165s (1 consecutive low level retries)
2017/05/01 17:32:46 pacer: low level retry 1/1 (error googleapi: Error 403: User Rate Limit Exceeded, userRateLimitExceeded)
2017/05/01 17:32:46 Work/SelectiveBackup/transDuration.py: Received error: googleapi: Error 403: User Rate Limit Exceeded, userRateLimitExceeded - low level retry 1/10
2017/05/01 17:32:46 pacer: Resetting sleep to minimum 10ms on success
2017/05/01 17:32:46 pacer: Rate limited, sleeping for 1.429961588s (1 consecutive low level retries)
2017/05/01 17:32:46 pacer: low level retry 1/10 (error googleapi: Error 403: User Rate Limit Exceeded, userRateLimitExceeded)
2017/05/01 17:32:46 pacer: Resetting sleep to minimum 10ms on success
2017/05/01 17:32:47 Work/HPCtoEC2/singularity/images/containharry.img: Sending chunk 0 length 16777216
2017/05/01 17:32:48 Work/SelectiveBackup/addNumFiles.py: Copied (new)
2017/05/01 17:32:48 Work/HPCtoEC2/singularity/images/containharry.img: Sending chunk 16777216 length 16777216
2017/05/01 17:32:48 Work/HPCtoEC2/singularity/images/containharry.img: Sending chunk 33554432 length 16777216
2017/05/01 17:32:49 Work/HPCtoEC2/singularity/images/containharry.img: Sending chunk 50331648 length 16777216
2017/05/01 17:32:49 Work/HPCtoEC2/singularity/images/containharry.img: Sending chunk 67108864 length 16777216
2017/05/01 17:32:50 Work/HPCtoEC2/singularity/images/containharry.img: Sending chunk 83886080 length 16777216
2017/05/01 17:32:50 Work/HPCtoEC2/singularity/images/containharry.img: Sending chunk 100663296 length 16777216
2017/05/01 17:32:51 Work/HPCtoEC2/singularity/images/containharry.img: Sending chunk 117440512 length 16777216
2017/05/01 17:32:51 Work/SelectiveBackup/addTransfers.py: Copied (new)
2017/05/01 17:32:51 Work/HPCtoEC2/singularity/images/containharry.img: Sending chunk 134217728 length 16777216
2017/05/01 17:32:51 Work/HPCtoEC2/singularity/images/containharry.img: Sending chunk 150994944 length 16777216
2017/05/01 17:32:52 Work/HPCtoEC2/singularity/images/containharry.img: Sending chunk 167772160 length 16777216
2017/05/01 17:32:52 Work/HPCtoEC2/singularity/images/containharry.img: Sending chunk 184549376 length 16777216
2017/05/01 17:32:53 Work/HPCtoEC2/singularity/images/containharry.img: Sending chunk 201326592 length 16777216
2017/05/01 17:32:53 Work/SelectiveBackup/totNumFiles.npy: Copied (new)
2017/05/01 17:32:53 Work/HPCtoEC2/singularity/images/containharry.img: Sending chunk 218103808 length 16777216
2017/05/01 17:32:54 Work/HPCtoEC2/singularity/images/containharry.img: Sending chunk 234881024 length 16777216
2017/05/01 17:32:54 Work/SelectiveBackup/plot.py: Copied (new)
2017/05/01 17:32:54 Work/SelectiveBackup/backupDuration.npy: Copied (new)
2017/05/01 17:32:54 Work/HPCtoEC2/singularity/images/containharry.img: Sending chunk 251658240 length 16777216
2017/05/01 17:32:54 Work/SelectiveBackup/duration.txt: Copied (new)
2017/05/01 17:32:55 Work/HPCtoEC2/singularity/images/containharry.img: Sending chunk 268435456 length 16777216
2017/05/01 17:32:55 Work/HPCtoEC2/singularity/images/containharry.img: Sending chunk 285212672 length 16777216
2017/05/01 17:32:55 Work/CloudBackup/test.sh: Copied (new)
2017/05/01 17:32:56 Work/HPCtoEC2/singularity/images/containharry.img: Sending chunk 301989888 length 16777216
2017/05/01 17:32:56 Work/HPCtoEC2/singularity/images/containharry.img: Sending chunk 318767104 length 16777216
2017/05/01 17:32:57 Work/HPCtoEC2/singularity/images/containharry.img: Sending chunk 335544320 length 16777216
2017/05/01 17:32:57 Work/CloudBackup/filesToSave.txt: Copied (new)
2017/05/01 17:32:57 Work/HPCtoEC2/singularity/images/containharry.img: Sending chunk 352321536 length 16777216
2017/05/01 17:32:58 Work/HPCtoEC2/singularity/images/containharry.img: Sending chunk 369098752 length 16777216
2017/05/01 17:32:58 Work/CloudBackup/.simpleBackup.sh.swp: Copied (new)
2017/05/01 17:32:58 Work/HPCtoEC2/singularity/images/containharry.img: Sending chunk 385875968 length 16777216
2017/05/01 17:32:58 Work/HPCtoEC2/singularity/images/containharry.img: Sending chunk 402653184 length 16777216
2017/05/01 17:32:59 Work/HPCtoEC2/singularity/images/containharry.img: Sending chunk 419430400 length 16777216
2017/05/01 17:32:59 pacer: Rate limited, sleeping for 1.833742716s (1 consecutive low level retries)
2017/05/01 17:32:59 pacer: low level retry 1/1 (error googleapi: Error 403: User Rate Limit Exceeded, userRateLimitExceeded)
2017/05/01 17:32:59 Work/Teaching/out: Received error: googleapi: Error 403: User Rate Limit Exceeded, userRateLimitExceeded - low level retry 1/10
2017/05/01 17:32:59 pacer: Rate limited, sleeping for 2.71505002s (2 consecutive low level retries)
2017/05/01 17:32:59 pacer: low level retry 1/1 (error googleapi: Error 403: User Rate Limit Exceeded, userRateLimitExceeded)
2017/05/01 17:32:59 Work/HPCtoEC2/.git/hooks/commit-msg.sample: Received error: googleapi: Error 403: User Rate Limit Exceeded, userRateLimitExceeded - low level retry 1/10
2017/05/01 17:32:59 pacer: Resetting sleep to minimum 10ms on success
2017/05/01 17:32:59 pacer: Rate limited, sleeping for 1.109623071s (1 consecutive low level retries)
2017/05/01 17:32:59 pacer: low level retry 1/10 (error googleapi: Error 403: User Rate Limit Exceeded, userRateLimitExceeded)
2017/05/01 17:32:59 pacer: Rate limited, sleeping for 2.311134652s (2 consecutive low level retries)
2017/05/01 17:32:59 pacer: low level retry 1/1 (error googleapi: Error 403: User Rate Limit Exceeded, userRateLimitExceeded)
2017/05/01 17:32:59 Work/HPCtoEC2/.git/hooks/pre-commit.sample: Received error: googleapi: Error 403: User Rate Limit Exceeded, userRateLimitExceeded - low level retry 1/10
2017/05/01 17:32:59 pacer: Resetting sleep to minimum 10ms on success
2017/05/01 17:33:00 pacer: Rate limited, sleeping for 1.120281907s (1 consecutive low level retries)
2017/05/01 17:33:00 pacer: low level retry 1/1 (error googleapi: Error 403: User Rate Limit Exceeded, userRateLimitExceeded)
2017/05/01 17:33:00 Work/HPCtoEC2/.git/hooks/update.sample: Received error: googleapi: Error 403: User Rate Limit Exceeded, userRateLimitExceeded - low level retry 1/10
2017/05/01 17:33:00 pacer: Resetting sleep to minimum 10ms on success
2017/05/01 17:33:00 Work/CloudBackup/.gitignore: Copied (new)
2017/05/01 17:33:01 Work/CloudBackup/simpleBackup.sh: Copied (new)
2017/05/01 17:33:01 Work/CloudBackup/glue.py: Copied (new)
2017/05/01 17:33:02 Work/HPCtoEC2/singularity/images/containharry.img: Sending chunk 436207616 length 16777216
2017/05/01 17:33:02 Work/HPCtoEC2/singularity/images/containharry.img: Sending chunk 452984832 length 16777216
2017/05/01 17:33:02 Work/NewAccountCreation/glue.py: Copied (new)
2017/05/01 17:33:03 Work/HPCtoEC2/singularity/images/containharry.img: Sending chunk 469762048 length 16777216
2017/05/01 17:33:03 Work/CloudBackup/README.md: Copied (new)
2017/05/01 17:33:03 Work/HPCtoEC2/singularity/images/containharry.img: Sending chunk 486539264 length 16777216
2017/05/01 17:33:03 Work/HPCtoEC2/.git/config: Copied (new)
2017/05/01 17:33:04 Work/HPCtoEC2/singularity/images/containharry.img: Sending chunk 503316480 length 16777216
2017/05/01 17:33:04 Work/SelectiveBackup/data.txt: Copied (new)
2017/05/01 17:33:04 Work/HPCtoEC2/singularity/images/containharry.img: Sending chunk 520093696 length 16777216
2017/05/01 17:33:04 Work/HPCtoEC2/singularity/images/containharry.img: Sending chunk 536870912 length 16777216
2017/05/01 17:33:05 Work/HPCtoEC2/singularity/images/containharry.img: Sending chunk 553648128 length 16777216
2017/05/01 17:33:05 Work/HPCtoEC2/singularity/images/containharry.img: Sending chunk 570425344 length 16777216
2017/05/01 17:33:05 Work/HPCtoEC2/.git/HEAD: Copied (new)
2017/05/01 17:33:06 Work/HPCtoEC2/singularity/images/containharry.img: Sending chunk 587202560 length 16777216
2017/05/01 17:33:06 
Transferred:   576.120 MBytes (9.538 MBytes/s)
Errors:                 1
Checks:                 0
Transferred:           23
Elapsed time:      1m0.3s
Transferring:
 *                             Work/Teaching/out:  0% done, 0 Bytes/s, ETA: -
 *                    Work/CloudBackup/.git/HEAD:  0% done, 0 Bytes/s, ETA: -
 *                   Work/CloudBackup/.git/index:  0% done, 0 Bytes/s, ETA: -
 *                  Work/CloudBackup/.git/config:  0% done, 0 Bytes/s, ETA: -
 *                Work/HPCtoEC2/.git/description:  0% done, 0 Bytes/s, ETA: -
 *               Work/CloudBackup/.git/ORIG_HEAD:  0% done, 0 Bytes/s, ETA: -
 *               Work/CloudBackup/.git/logs/HEAD:  0% done, 0 Bytes/s, ETA: -
 *               Work/CloudBackup/cloudbackup.sh: 100% done, 64 Bytes/s, ETA: 0s
 *               Work/HPCtoEC2/.git/info/exclude:  0% done, 0 Bytes/s, ETA: -
 *              Work/CloudBackup/.git/FETCH_HEAD:  0% done, 0 Bytes/s, ETA: -
 *             Work/CloudBackup/.git/description:  0% done, 0 Bytes/s, ETA: -
 *          Work/CloudBackup/.git/COMMIT_EDITMSG:  0% done, 0 Bytes/s, ETA: -
 *          Work/HPCtoEC2/singularity/centos.def: 100% done, 176 Bytes/s, ETA: 0s
 *         Work/CloudBackup/hpc_cloud_backup.log:  0% done, 0 Bytes/s, ETA: -
 *         Work/HPCtoEC2/cfncluster/mooseKey.pem: 100% done, 1.355 kBytes/s, ETA: 0s
 *         Work/SelectiveBackup/transDuration.py:  0% done, 0 Bytes/s, ETA: -
 *         Work/SelectiveBackup/transferSize.npy:  0% done, 0 Bytes/s, ETA: -
 *        Work/HPCtoEC2/.git/hooks/update.sample:  0% done, 0 Bytes/s, ETA: -
 *    Work/HPCtoEC2/.git/hooks/commit-msg.sample:  0% done, 0 Bytes/s, ETA: -
 *    Work/HPCtoEC2/.git/hooks/pre-commit.sample:  0% done, 0 Bytes/s, ETA: -
 *   Work/HPCtoEC2/.git/hooks/post-commit.sample:  0% done, 0 Bytes/s, ETA: -
 *   Work/HPCtoEC2/.git/hooks/post-update.sample:  0% done, 0 Bytes/s, ETA: -
 *  Work/HPCtoEC2/.git/hooks/post-receive.sample:  0% done, 0 Bytes/s, ETA: -
 * .../CloudBackup/.git/hooks/post-commit.sample:  0% done, 0 Bytes/s, ETA: -
 * .../CloudBackup/.git/hooks/post-update.sample:  0% done, 0 Bytes/s, ETA: -
 * .../HPCtoEC2/.git/hooks/applypatch-msg.sample:  0% done, 0 Bytes/s, ETA: -
 * .../HPCtoEC2/.git/hooks/pre-applypatch.sample:  0% done, 0 Bytes/s, ETA: -
 * ...CloudBackup/.git/hooks/post-receive.sample:  0% done, 0 Bytes/s, ETA: -
 * ...CtoEC2/singularity/images/containharry.img:  5% done, 24.821 MBytes/s, ETA: 6m29s
 * ...ackup/.git/hooks/prepare-commit-msg.sample:  0% done, 0 Bytes/s, ETA: -
 * ...loudBackup/.git/refs/remotes/origin/master:  0% done, 0 Bytes/s, ETA: -
 * ...toEC2/.git/hooks/prepare-commit-msg.sample:  0% done, 0 Bytes/s, ETA: -

2017/05/01 17:33:06 Work/HPCtoEC2/singularity/images/containharry.img: Sending chunk 603979776 length 16777216
2017/05/01 17:33:06 Work/CloudBackup/cloudbackup.sh: Copied (new)
2017/05/01 17:33:07 Work/HPCtoEC2/singularity/images/containharry.img: Sending chunk 620756992 length 16777216
2017/05/01 17:33:07 Work/HPCtoEC2/singularity/centos.def: Copied (new)
2017/05/01 17:33:07 Work/HPCtoEC2/singularity/images/containharry.img: Sending chunk 637534208 length 16777216
2017/05/01 17:33:07 Work/HPCtoEC2/singularity/images/containharry.img: Sending chunk 654311424 length 16777216
2017/05/01 17:33:08 Work/HPCtoEC2/singularity/images/containharry.img: Sending chunk 671088640 length 16777216
2017/05/01 17:33:08 Work/HPCtoEC2/cfncluster/mooseKey.pem: Copied (new)
2017/05/01 17:33:08 Work/HPCtoEC2/singularity/images/containharry.img: Sending chunk 687865856 length 16777216
2017/05/01 17:33:09 Work/HPCtoEC2/singularity/images/containharry.img: Sending chunk 704643072 length 16777216
2017/05/01 17:33:09 Work/HPCtoEC2/singularity/images/containharry.img: Sending chunk 721420288 length 16777216
2017/05/01 17:33:09 Work/HPCtoEC2/.git/info/exclude: Copied (new)
2017/05/01 17:33:09 pacer: Rate limited, sleeping for 1.660772719s (1 consecutive low level retries)
2017/05/01 17:33:09 pacer: low level retry 1/10 (error googleapi: Error 403: User Rate Limit Exceeded, userRateLimitExceeded)
2017/05/01 17:33:10 pacer: Rate limited, sleeping for 2.087659062s (2 consecutive low level retries)
2017/05/01 17:33:10 pacer: low level retry 1/1 (error googleapi: Error 403: User Rate Limit Exceeded, userRateLimitExceeded)
2017/05/01 17:33:10 Work/SelectiveBackup/transDuration.py: Received error: googleapi: Error 403: User Rate Limit Exceeded, userRateLimitExceeded - low level retry 2/10
2017/05/01 17:33:10 pacer: Resetting sleep to minimum 10ms on success
2017/05/01 17:33:11 Work/HPCtoEC2/singularity/images/containharry.img: Sending chunk 738197504 length 16777216
2017/05/01 17:33:11 Work/CloudBackup/.git/HEAD: Copied (new)
2017/05/01 17:33:11 Google drive root 'hpc_backup': Waiting for checks to finish
2017/05/01 17:33:11 Google drive root 'hpc_backup': Waiting for transfers to finish
2017/05/01 17:33:12 Work/HPCtoEC2/singularity/images/containharry.img: Sending chunk 754974720 length 16777216
2017/05/01 17:33:12 Work/HPCtoEC2/.git/description: Copied (new)
2017/05/01 17:33:12 Work/HPCtoEC2/singularity/images/containharry.img: Sending chunk 771751936 length 16777216
2017/05/01 17:33:12 Work/HPCtoEC2/.git/hooks/pre-applypatch.sample: Copied (new)
2017/05/01 17:33:13 Work/HPCtoEC2/singularity/images/containharry.img: Sending chunk 788529152 length 16777216
2017/05/01 17:33:13 Work/HPCtoEC2/singularity/images/containharry.img: Sending chunk 805306368 length 16777216
2017/05/01 17:33:13 Work/CloudBackup/hpc_cloud_backup.log: corrupted on transfer: sizes differ 55645 vs 68450
2017/05/01 17:33:13 Work/CloudBackup/hpc_cloud_backup.log: Removing failed copy
2017/05/01 17:33:14 Work/HPCtoEC2/singularity/images/containharry.img: Sending chunk 822083584 length 16777216
2017/05/01 17:33:14 Work/HPCtoEC2/.git/hooks/prepare-commit-msg.sample: Copied (new)
2017/05/01 17:33:14 Work/HPCtoEC2/singularity/images/containharry.img: Sending chunk 838860800 length 16777216
2017/05/01 17:33:14 Work/SelectiveBackup/transferSize.npy: Copied (new)
2017/05/01 17:33:15 Work/HPCtoEC2/singularity/images/containharry.img: Sending chunk 855638016 length 16777216
2017/05/01 17:33:15 Work/HPCtoEC2/singularity/images/containharry.img: Sending chunk 872415232 length 16777216
2017/05/01 17:33:15 Work/HPCtoEC2/singularity/images/containharry.img: Sending chunk 889192448 length 16777216
2017/05/01 17:33:16 Work/HPCtoEC2/singularity/images/containharry.img: Sending chunk 905969664 length 16777216
2017/05/01 17:33:16 Work/HPCtoEC2/singularity/images/containharry.img: Sending chunk 922746880 length 16777216
2017/05/01 17:33:17 Work/CloudBackup/.git/logs/HEAD: Copied (new)
2017/05/01 17:33:17 Work/HPCtoEC2/singularity/images/containharry.img: Sending chunk 939524096 length 16777216
2017/05/01 17:33:17 Work/HPCtoEC2/.git/hooks/post-receive.sample: Copied (new)
2017/05/01 17:33:17 Work/HPCtoEC2/singularity/images/containharry.img: Sending chunk 956301312 length 16777216
2017/05/01 17:33:17 Work/HPCtoEC2/.git/hooks/post-commit.sample: Copied (new)
2017/05/01 17:33:18 Work/HPCtoEC2/singularity/images/containharry.img: Sending chunk 973078528 length 16777216
2017/05/01 17:33:18 Work/HPCtoEC2/singularity/images/containharry.img: Sending chunk 989855744 length 16777216
2017/05/01 17:33:18 Work/HPCtoEC2/.git/hooks/post-update.sample: Copied (new)
2017/05/01 17:33:19 Work/HPCtoEC2/singularity/images/containharry.img: Sending chunk 1006632960 length 16777216
2017/05/01 17:33:19 Work/HPCtoEC2/singularity/images/containharry.img: Sending chunk 1023410176 length 16777216
2017/05/01 17:33:20 Work/HPCtoEC2/singularity/images/containharry.img: Sending chunk 1040187392 length 16777216
2017/05/01 17:33:21 Work/HPCtoEC2/singularity/images/containharry.img: Sending chunk 1056964608 length 16777216
2017/05/01 17:33:21 Work/HPCtoEC2/singularity/images/containharry.img: Sending chunk 1073741824 length 16777216
2017/05/01 17:33:22 Work/HPCtoEC2/singularity/images/containharry.img: Sending chunk 1090519040 length 16777216
2017/05/01 17:33:22 Work/CloudBackup/.git/refs/remotes/origin/master: Copied (new)
2017/05/01 17:33:23 Work/HPCtoEC2/singularity/images/containharry.img: Sending chunk 1107296256 length 16777216
2017/05/01 17:33:23 Work/CloudBackup/.git/hooks/prepare-commit-msg.sample: Copied (new)
2017/05/01 17:33:23 Work/HPCtoEC2/singularity/images/containharry.img: Sending chunk 1124073472 length 16777216
2017/05/01 17:33:24 Work/HPCtoEC2/.git/hooks/commit-msg.sample: Copied (new)
2017/05/01 17:33:24 Work/HPCtoEC2/singularity/images/containharry.img: Sending chunk 1140850688 length 16777216
2017/05/01 17:33:24 Work/CloudBackup/.git/ORIG_HEAD: Copied (new)
2017/05/01 17:33:24 Work/CloudBackup/.git/FETCH_HEAD: Copied (new)
2017/05/01 17:33:24 Work/HPCtoEC2/singularity/images/containharry.img: Sending chunk 1157627904 length 16777216
2017/05/01 17:33:25 Work/Teaching/out: Copied (new)
2017/05/01 17:33:25 Work/HPCtoEC2/singularity/images/containharry.img: Sending chunk 1174405120 length 16777216
2017/05/01 17:33:25 Work/CloudBackup/.git/index: Copied (new)
2017/05/01 17:33:25 Work/HPCtoEC2/singularity/images/containharry.img: Sending chunk 1191182336 length 16777216
2017/05/01 17:33:25 Work/CloudBackup/.git/COMMIT_EDITMSG: Copied (new)
